<?xml version="1.0" encoding="UTF-8"?>
<!-- Generated by org.testng.reporters.JUnitXMLReporter -->
<testsuite hostname="DESKTOP-6NH46FF" ignored="0" name="Default test" tests="3" failures="0" timestamp="24 Apr 2020 07:30:59 GMT" time="66.928" errors="0">
  <testcase name="verifyLoginPageTitle" time="0.072" classname="com.crm.qa.test.LoginPageTest"/>
  <testcase name="crmLogoIsDisplayed" time="0.255" classname="com.crm.qa.test.LoginPageTest"/>
  <testcase name="loginTest" time="8.265" classname="com.crm.qa.test.LoginPageTest"/>
</testsuite> <!-- Default test -->
