<?xml version="1.0" encoding="UTF-8"?>
<testng-results skipped="0" failed="0" ignored="0" total="3" passed="3">
  <reporter-output>
  </reporter-output>
  <suite name="Default suite" duration-ms="66928" started-at="2020-04-24T07:29:52Z" finished-at="2020-04-24T07:30:59Z">
    <groups>
    </groups>
    <test name="Default test" duration-ms="66928" started-at="2020-04-24T07:29:52Z" finished-at="2020-04-24T07:30:59Z">
      <class name="com.crm.qa.test.LoginPageTest">
        <test-method status="PASS" signature="intialization()[pri:0, instance:com.crm.qa.test.LoginPageTest@29774679]" name="intialization" is-config="true" duration-ms="20927" started-at="2020-04-24T12:59:52Z" finished-at="2020-04-24T13:00:13Z">
          <reporter-output>
          </reporter-output>
        </test-method> <!-- intialization -->
        <test-method status="PASS" signature="verifyLoginPageTitle()[pri:1, instance:com.crm.qa.test.LoginPageTest@29774679]" name="verifyLoginPageTitle" duration-ms="72" started-at="2020-04-24T13:00:13Z" finished-at="2020-04-24T13:00:13Z">
          <reporter-output>
          </reporter-output>
        </test-method> <!-- verifyLoginPageTitle -->
        <test-method status="PASS" signature="tearDown()[pri:0, instance:com.crm.qa.test.LoginPageTest@29774679]" name="tearDown" is-config="true" duration-ms="915" started-at="2020-04-24T13:00:13Z" finished-at="2020-04-24T13:00:14Z">
          <reporter-output>
          </reporter-output>
        </test-method> <!-- tearDown -->
        <test-method status="PASS" signature="intialization()[pri:0, instance:com.crm.qa.test.LoginPageTest@29774679]" name="intialization" is-config="true" duration-ms="13469" started-at="2020-04-24T13:00:14Z" finished-at="2020-04-24T13:00:27Z">
          <reporter-output>
          </reporter-output>
        </test-method> <!-- intialization -->
        <test-method status="PASS" signature="crmLogoIsDisplayed()[pri:2, instance:com.crm.qa.test.LoginPageTest@29774679]" name="crmLogoIsDisplayed" duration-ms="255" started-at="2020-04-24T13:00:27Z" finished-at="2020-04-24T13:00:28Z">
          <reporter-output>
          </reporter-output>
        </test-method> <!-- crmLogoIsDisplayed -->
        <test-method status="PASS" signature="tearDown()[pri:0, instance:com.crm.qa.test.LoginPageTest@29774679]" name="tearDown" is-config="true" duration-ms="1296" started-at="2020-04-24T13:00:28Z" finished-at="2020-04-24T13:00:29Z">
          <reporter-output>
          </reporter-output>
        </test-method> <!-- tearDown -->
        <test-method status="PASS" signature="intialization()[pri:0, instance:com.crm.qa.test.LoginPageTest@29774679]" name="intialization" is-config="true" duration-ms="20602" started-at="2020-04-24T13:00:29Z" finished-at="2020-04-24T13:00:50Z">
          <reporter-output>
          </reporter-output>
        </test-method> <!-- intialization -->
        <test-method status="PASS" signature="loginTest()[pri:3, instance:com.crm.qa.test.LoginPageTest@29774679]" name="loginTest" duration-ms="8265" started-at="2020-04-24T13:00:50Z" finished-at="2020-04-24T13:00:58Z">
          <reporter-output>
          </reporter-output>
        </test-method> <!-- loginTest -->
        <test-method status="PASS" signature="tearDown()[pri:0, instance:com.crm.qa.test.LoginPageTest@29774679]" name="tearDown" is-config="true" duration-ms="1067" started-at="2020-04-24T13:00:58Z" finished-at="2020-04-24T13:00:59Z">
          <reporter-output>
          </reporter-output>
        </test-method> <!-- tearDown -->
      </class> <!-- com.crm.qa.test.LoginPageTest -->
    </test> <!-- Default test -->
  </suite> <!-- Default suite -->
</testng-results>
